<?xml version="1.0" encoding="UTF-8"?>
<!-- Generated by org.testng.reporters.JUnitReportReporter -->
<testsuite hostname="DESKTOP-H4087GT" failures="0" tests="1" name="com.sevenmartsupermarket.tests.LoginTest" time="24.247" errors="0" timestamp="2024-01-16T23:39:57 IST" skipped="0">
  <testcase classname="com.sevenmartsupermarket.tests.LoginTest" name="verifyLogin" time="24.247"/>
  <system-out/>
</testsuite> <!-- com.sevenmartsupermarket.tests.LoginTest -->
